[0.030s] Invoking command in '/home/nazar/projects/lessons/ros-tutorial/dev_ws/build/more_interfaces': CMAKE_PREFIX_PATH=/opt/ros/galactic /usr/bin/cmake --build /home/nazar/projects/lessons/ros-tutorial/dev_ws/build/more_interfaces -- -j2 -l2
[0.165s] [  9%] Built target more_interfaces__rosidl_generator_c
[0.176s] [ 12%] Built target more_interfaces__cpp
[0.204s] [ 21%] Built target more_interfaces__rosidl_typesupport_c
[0.223s] [ 30%] Built target more_interfaces__rosidl_typesupport_introspection_c
[0.256s] [ 39%] Built target more_interfaces__rosidl_typesupport_introspection_cpp
[0.276s] [ 48%] Built target more_interfaces__rosidl_typesupport_cpp
[0.307s] [ 57%] Built target more_interfaces__rosidl_typesupport_fastrtps_cpp
[0.358s] [ 66%] Built target more_interfaces__rosidl_typesupport_fastrtps_c
[0.399s] [ 66%] Built target more_interfaces
[0.450s] [35m[1mScanning dependencies of target publish_address_book[0m
[0.480s] [ 69%] Built target more_interfaces__py
[0.586s] [ 72%] [32mBuilding CXX object CMakeFiles/publish_address_book.dir/src/publish_address_book.cpp.o[0m
[0.594s] [ 78%] Built target more_interfaces__python
[0.702s] [ 84%] Built target more_interfaces__rosidl_typesupport_c__pyext
[0.788s] [ 90%] Built target more_interfaces__rosidl_typesupport_introspection_c__pyext
[0.883s] [ 96%] Built target more_interfaces__rosidl_typesupport_fastrtps_c__pyext
[4.330s] [01m[K/home/nazar/projects/lessons/ros-tutorial/dev_ws/src/more_interfaces/src/publish_address_book.cpp:12:72:[m[K [01;31m[Kerror: [m[Ktemplate argument 1 is invalid
[4.330s]    12 |         rclcpp::Publisher<more_interfaces::msg::AddressBook::SharedPtr [01;31m[Kaddress_book_publisher_[m[K;
[4.331s]       |                                                                        [01;31m[K^~~~~~~~~~~~~~~~~~~~~~~[m[K
[4.331s] [01m[K/home/nazar/projects/lessons/ros-tutorial/dev_ws/src/more_interfaces/src/publish_address_book.cpp:[m[K In constructor â€˜[01m[KAddressBookPublisher::AddressBookPublisher()[m[Kâ€™:
[4.332s] [01m[K/home/nazar/projects/lessons/ros-tutorial/dev_ws/src/more_interfaces/src/publish_address_book.cpp:17:19:[m[K [01;31m[Kerror: [m[Kâ€˜[01m[Kclass AddressBookPublisher[m[Kâ€™ has no member named â€˜[01m[Kaddress_book_publisher_[m[Kâ€™; did you mean â€˜[01m[KAddressBookPublisher[m[Kâ€™?
[4.332s]    17 |             this->[01;31m[Kaddress_book_publisher_[m[K =
[4.332s]       |                   [01;31m[K^~~~~~~~~~~~~~~~~~~~~~~[m[K
[4.332s]       |                   [32m[KAddressBookPublisher[m[K
[4.346s] [01m[K/home/nazar/projects/lessons/ros-tutorial/dev_ws/src/more_interfaces/src/publish_address_book.cpp:[m[K In lambda function:
[4.347s] [01m[K/home/nazar/projects/lessons/ros-tutorial/dev_ws/src/more_interfaces/src/publish_address_book.cpp:32:23:[m[K [01;31m[Kerror: [m[Kâ€˜[01m[Kclass AddressBookPublisher[m[Kâ€™ has no member named â€˜[01m[Kaddress_book_publisher_[m[Kâ€™; did you mean â€˜[01m[KAddressBookPublisher[m[Kâ€™?
[4.347s]    32 |                 this->[01;31m[Kaddress_book_publisher_[m[K->publish(message);
[4.347s]       |                       [01;31m[K^~~~~~~~~~~~~~~~~~~~~~~[m[K
[4.347s]       |                       [32m[KAddressBookPublisher[m[K
[4.348s] [01m[K/home/nazar/projects/lessons/ros-tutorial/dev_ws/src/more_interfaces/src/publish_address_book.cpp:[m[K In constructor â€˜[01m[KAddressBookPublisher::AddressBookPublisher()[m[Kâ€™:
[4.348s] [01m[K/home/nazar/projects/lessons/ros-tutorial/dev_ws/src/more_interfaces/src/publish_address_book.cpp:35:13:[m[K [01;31m[Kerror: [m[Kexpected â€˜[01m[K,[m[Kâ€™ or â€˜[01m[K;[m[Kâ€™ before â€˜[01m[Ktimer_[m[Kâ€™
[4.348s]    35 |             [01;31m[Ktimer_[m[K = this->create_wall_timer(1s,publish_msg);
[4.348s]       |             [01;31m[K^~~~~~[m[K
[6.099s] make[2]: *** [CMakeFiles/publish_address_book.dir/build.make:63: CMakeFiles/publish_address_book.dir/src/publish_address_book.cpp.o] ÐŸÐ¾Ð¼Ð¸Ð»ÐºÐ° 1
[6.102s] make[1]: *** [CMakeFiles/Makefile2:365: CMakeFiles/publish_address_book.dir/all] ÐŸÐ¾Ð¼Ð¸Ð»ÐºÐ° 2
[6.102s] make: *** [Makefile:141: all] ÐŸÐ¾Ð¼Ð¸Ð»ÐºÐ° 2
[6.106s] Invoked command in '/home/nazar/projects/lessons/ros-tutorial/dev_ws/build/more_interfaces' returned '2': CMAKE_PREFIX_PATH=/opt/ros/galactic /usr/bin/cmake --build /home/nazar/projects/lessons/ros-tutorial/dev_ws/build/more_interfaces -- -j2 -l2
