-- The C compiler identification is GNU 9.3.0
-- The CXX compiler identification is GNU 9.3.0
-- Check for working C compiler: /usr/bin/cc
-- Check for working C compiler: /usr/bin/cc -- works
-- Detecting C compiler ABI info
-- Detecting C compiler ABI info - done
-- Detecting C compile features
-- Detecting C compile features - done
-- Check for working CXX compiler: /usr/bin/c++
-- Check for working CXX compiler: /usr/bin/c++ -- works
-- Detecting CXX compiler ABI info
-- Detecting CXX compiler ABI info - done
-- Detecting CXX compile features
-- Detecting CXX compile features - done
-- Found ament_cmake: 1.1.4 (/opt/ros/galactic/share/ament_cmake/cmake)
-- Found PythonInterp: /usr/bin/python3 (found suitable version "3.8.5", minimum required is "3") 
-- Using PYTHON_EXECUTABLE: /usr/bin/python3
-- Found rclcpp: 9.1.0 (/opt/ros/galactic/share/rclcpp/cmake)
-- Using all available rosidl_typesupport_c: rosidl_typesupport_fastrtps_c;rosidl_typesupport_introspection_c
-- Found rosidl_adapter: 2.2.1 (/opt/ros/galactic/share/rosidl_adapter/cmake)
-- Found OpenSSL: /usr/lib/x86_64-linux-gnu/libcrypto.so (found version "1.1.1f")  
-- Found FastRTPS: /opt/ros/galactic/include  
-- Using all available rosidl_typesupport_cpp: rosidl_typesupport_fastrtps_cpp;rosidl_typesupport_introspection_cpp
-- Found rmw_implementation_cmake: 3.3.1 (/opt/ros/galactic/share/rmw_implementation_cmake/cmake)
-- Found rmw_cyclonedds_cpp: 0.22.2 (/opt/ros/galactic/share/rmw_cyclonedds_cpp/cmake)
-- Using RMW implementation 'rmw_cyclonedds_cpp' as default
-- Looking for pthread.h
-- Looking for pthread.h - found
-- Performing Test CMAKE_HAVE_LIBC_PTHREAD
-- Performing Test CMAKE_HAVE_LIBC_PTHREAD - Failed
-- Looking for pthread_create in pthreads
-- Looking for pthread_create in pthreads - not found
-- Looking for pthread_create in pthread
-- Looking for pthread_create in pthread - found
-- Found Threads: TRUE  
-- Found tutorial_interfaces: 0.0.0 (/home/nazar/projects/lessons/ros-tutorial/dev_ws/install/tutorial_interfaces/share/tutorial_interfaces/cmake)
-- Configuring done
-- Generating done
-- Build files have been written to: /home/nazar/projects/lessons/ros-tutorial/dev_ws/build/cpp_pubsub
[35m[1mScanning dependencies of target listener[0m
[35m[1mScanning dependencies of target talker[0m
[ 25%] [32mBuilding CXX object CMakeFiles/listener.dir/src/subscriber_member_function.cpp.o[0m
[ 50%] [32mBuilding CXX object CMakeFiles/talker.dir/src/publisher_member_function.cpp.o[0m
[01m[K/home/nazar/projects/lessons/ros-tutorial/dev_ws/src/cpp_pubsub/src/subscriber_member_function.cpp:38:45:[m[K [01;31m[Kerror: [m[K‚Äò[01m[KMsg[m[K‚Äô is not a member of ‚Äò[01m[Ktutorial_interfaces[m[K‚Äô; did you mean ‚Äò[01m[Kmsg[m[K‚Äô?
   38 |   rclcpp::Subscription<tutorial_interfaces::[01;31m[KMsg[m[K::Num>::SharedPtr subscription_;
      |                                             [01;31m[K^~~[m[K
      |                                             [32m[Kmsg[m[K
[01m[K/home/nazar/projects/lessons/ros-tutorial/dev_ws/src/cpp_pubsub/src/subscriber_member_function.cpp:38:53:[m[K [01;31m[Kerror: [m[Ktemplate argument 1 is invalid
   38 |   rclcpp::Subscription<tutorial_interfaces::Msg::Num[01;31m[K>[m[K::SharedPtr subscription_;
      |                                                     [01;31m[K^[m[K
[01m[K/home/nazar/projects/lessons/ros-tutorial/dev_ws/src/cpp_pubsub/src/subscriber_member_function.cpp:38:53:[m[K [01;31m[Kerror: [m[Ktemplate argument 3 is invalid
[01m[K/home/nazar/projects/lessons/ros-tutorial/dev_ws/src/cpp_pubsub/src/subscriber_member_function.cpp:38:56:[m[K [01;31m[Kerror: [m[Kexpected ‚Äò[01m[K;[m[K‚Äô at end of member declaration
   38 | clcpp::Subscription<tutorial_interfaces::Msg::Num>::[01;31m[KSharedPtr[m[K subscription_;
      |                                                     [01;31m[K^~~~~~~~~[m[K
      |                                                              [32m[K;[m[K
[01m[K/home/nazar/projects/lessons/ros-tutorial/dev_ws/src/cpp_pubsub/src/subscriber_member_function.cpp:38:66:[m[K [01;31m[Kerror: [m[K‚Äò[01m[Ksubscription_[m[K‚Äô does not name a type; did you mean ‚Äò[01m[Krcl_subscription_t[m[K‚Äô?
   38 | :Subscription<tutorial_interfaces::Msg::Num>::SharedPtr [01;31m[Ksubscription_[m[K;
      |                                                         [01;31m[K^~~~~~~~~~~~~[m[K
      |                                                         [32m[Krcl_subscription_t[m[K
[01m[K/home/nazar/projects/lessons/ros-tutorial/dev_ws/src/cpp_pubsub/src/subscriber_member_function.cpp:[m[K In constructor ‚Äò[01m[KMinimalSubscriber::MinimalSubscriber()[m[K‚Äô:
[01m[K/home/nazar/projects/lessons/ros-tutorial/dev_ws/src/cpp_pubsub/src/subscriber_member_function.cpp:29:5:[m[K [01;31m[Kerror: [m[K‚Äò[01m[Ksubscription_[m[K‚Äô was not declared in this scope; did you mean ‚Äò[01m[Krcl_subscription_t[m[K‚Äô?
   29 |     [01;31m[Ksubscription_[m[K = this->create_subscription<tutorial_interfaces::msg::Num>(
      |     [01;31m[K^~~~~~~~~~~~~[m[K
      |     [32m[Krcl_subscription_t[m[K
make[2]: *** [CMakeFiles/listener.dir/build.make:63: CMakeFiles/listener.dir/src/subscriber_member_function.cpp.o] –ü–æ–º–∏–ª–∫–∞ 1
make[1]: *** [CMakeFiles/Makefile2:80: CMakeFiles/listener.dir/all] –ü–æ–º–∏–ª–∫–∞ 2
make[1]: *** –û—á—ñ–∫—É–≤–∞–Ω–Ω—è –∑–∞–≤–µ—Ä—à–µ–Ω–Ω—è –∑–∞–≤–¥–∞–Ω—å...
[ 75%] [32m[1mLinking CXX executable talker[0m
[ 75%] Built target talker
make: *** [Makefile:141: all] –ü–æ–º–∏–ª–∫–∞ 2
