[0.036s] Invoking command in '/home/nazar/projects/lessons/ros-tutorial/dev_ws/build/cpp_pubsub': AMENT_PREFIX_PATH=/home/nazar/projects/lessons/ros-tutorial/dev_ws/install/tutorial_interfaces:${AMENT_PREFIX_PATH} CMAKE_PREFIX_PATH=/home/nazar/projects/lessons/ros-tutorial/dev_ws/install/tutorial_interfaces:/opt/ros/galactic LD_LIBRARY_PATH=/home/nazar/projects/lessons/ros-tutorial/dev_ws/install/tutorial_interfaces/lib:${LD_LIBRARY_PATH} PYTHONPATH=/home/nazar/projects/lessons/ros-tutorial/dev_ws/install/tutorial_interfaces/lib/python3.8/site-packages:${PYTHONPATH} /usr/bin/cmake /home/nazar/projects/lessons/ros-tutorial/dev_ws/src/cpp_pubsub -DCMAKE_INSTALL_PREFIX=/home/nazar/projects/lessons/ros-tutorial/dev_ws/install/cpp_pubsub
[0.158s] -- The C compiler identification is GNU 9.3.0
[0.274s] -- The CXX compiler identification is GNU 9.3.0
[0.297s] -- Check for working C compiler: /usr/bin/cc
[0.455s] -- Check for working C compiler: /usr/bin/cc -- works
[0.455s] -- Detecting C compiler ABI info
[0.623s] -- Detecting C compiler ABI info - done
[0.651s] -- Detecting C compile features
[0.652s] -- Detecting C compile features - done
[0.659s] -- Check for working CXX compiler: /usr/bin/c++
[0.835s] -- Check for working CXX compiler: /usr/bin/c++ -- works
[0.840s] -- Detecting CXX compiler ABI info
[1.009s] -- Detecting CXX compiler ABI info - done
[1.042s] -- Detecting CXX compile features
[1.049s] -- Detecting CXX compile features - done
[1.057s] -- Found ament_cmake: 1.1.4 (/opt/ros/galactic/share/ament_cmake/cmake)
[1.143s] -- Found PythonInterp: /usr/bin/python3 (found suitable version "3.8.5", minimum required is "3") 
[1.144s] -- Using PYTHON_EXECUTABLE: /usr/bin/python3
[1.363s] -- Found rclcpp: 9.1.0 (/opt/ros/galactic/share/rclcpp/cmake)
[1.462s] -- Using all available rosidl_typesupport_c: rosidl_typesupport_fastrtps_c;rosidl_typesupport_introspection_c
[1.475s] -- Found rosidl_adapter: 2.2.1 (/opt/ros/galactic/share/rosidl_adapter/cmake)
[1.649s] -- Found OpenSSL: /usr/lib/x86_64-linux-gnu/libcrypto.so (found version "1.1.1f")  
[1.732s] -- Found FastRTPS: /opt/ros/galactic/include  
[1.920s] -- Using all available rosidl_typesupport_cpp: rosidl_typesupport_fastrtps_cpp;rosidl_typesupport_introspection_cpp
[2.068s] -- Found rmw_implementation_cmake: 3.3.1 (/opt/ros/galactic/share/rmw_implementation_cmake/cmake)
[2.074s] -- Found rmw_cyclonedds_cpp: 0.22.2 (/opt/ros/galactic/share/rmw_cyclonedds_cpp/cmake)
[2.119s] -- Using RMW implementation 'rmw_cyclonedds_cpp' as default
[2.121s] -- Looking for pthread.h
[2.257s] -- Looking for pthread.h - found
[2.258s] -- Performing Test CMAKE_HAVE_LIBC_PTHREAD
[2.403s] -- Performing Test CMAKE_HAVE_LIBC_PTHREAD - Failed
[2.404s] -- Looking for pthread_create in pthreads
[2.529s] -- Looking for pthread_create in pthreads - not found
[2.529s] -- Looking for pthread_create in pthread
[2.682s] -- Looking for pthread_create in pthread - found
[2.685s] -- Found Threads: TRUE  
[3.047s] -- Found tutorial_interfaces: 0.0.0 (/home/nazar/projects/lessons/ros-tutorial/dev_ws/install/tutorial_interfaces/share/tutorial_interfaces/cmake)
[3.188s] -- Configuring done
[3.231s] -- Generating done
[3.237s] -- Build files have been written to: /home/nazar/projects/lessons/ros-tutorial/dev_ws/build/cpp_pubsub
[3.260s] Invoked command in '/home/nazar/projects/lessons/ros-tutorial/dev_ws/build/cpp_pubsub' returned '0': AMENT_PREFIX_PATH=/home/nazar/projects/lessons/ros-tutorial/dev_ws/install/tutorial_interfaces:${AMENT_PREFIX_PATH} CMAKE_PREFIX_PATH=/home/nazar/projects/lessons/ros-tutorial/dev_ws/install/tutorial_interfaces:/opt/ros/galactic LD_LIBRARY_PATH=/home/nazar/projects/lessons/ros-tutorial/dev_ws/install/tutorial_interfaces/lib:${LD_LIBRARY_PATH} PYTHONPATH=/home/nazar/projects/lessons/ros-tutorial/dev_ws/install/tutorial_interfaces/lib/python3.8/site-packages:${PYTHONPATH} /usr/bin/cmake /home/nazar/projects/lessons/ros-tutorial/dev_ws/src/cpp_pubsub -DCMAKE_INSTALL_PREFIX=/home/nazar/projects/lessons/ros-tutorial/dev_ws/install/cpp_pubsub
[3.261s] Invoking command in '/home/nazar/projects/lessons/ros-tutorial/dev_ws/build/cpp_pubsub': AMENT_PREFIX_PATH=/home/nazar/projects/lessons/ros-tutorial/dev_ws/install/tutorial_interfaces:${AMENT_PREFIX_PATH} CMAKE_PREFIX_PATH=/home/nazar/projects/lessons/ros-tutorial/dev_ws/install/tutorial_interfaces:/opt/ros/galactic LD_LIBRARY_PATH=/home/nazar/projects/lessons/ros-tutorial/dev_ws/install/tutorial_interfaces/lib:${LD_LIBRARY_PATH} PYTHONPATH=/home/nazar/projects/lessons/ros-tutorial/dev_ws/install/tutorial_interfaces/lib/python3.8/site-packages:${PYTHONPATH} /usr/bin/cmake --build /home/nazar/projects/lessons/ros-tutorial/dev_ws/build/cpp_pubsub -- -j2 -l2
[3.340s] [35m[1mScanning dependencies of target listener[0m
[3.343s] [35m[1mScanning dependencies of target talker[0m
[3.443s] [ 25%] [32mBuilding CXX object CMakeFiles/listener.dir/src/subscriber_member_function.cpp.o[0m
[3.510s] [ 50%] [32mBuilding CXX object CMakeFiles/talker.dir/src/publisher_member_function.cpp.o[0m
[7.675s] [01m[K/home/nazar/projects/lessons/ros-tutorial/dev_ws/src/cpp_pubsub/src/subscriber_member_function.cpp:38:45:[m[K [01;31m[Kerror: [m[K‚Äò[01m[KMsg[m[K‚Äô is not a member of ‚Äò[01m[Ktutorial_interfaces[m[K‚Äô; did you mean ‚Äò[01m[Kmsg[m[K‚Äô?
[7.675s]    38 |   rclcpp::Subscription<tutorial_interfaces::[01;31m[KMsg[m[K::Num>::SharedPtr subscription_;
[7.676s]       |                                             [01;31m[K^~~[m[K
[7.676s]       |                                             [32m[Kmsg[m[K
[7.676s] [01m[K/home/nazar/projects/lessons/ros-tutorial/dev_ws/src/cpp_pubsub/src/subscriber_member_function.cpp:38:53:[m[K [01;31m[Kerror: [m[Ktemplate argument 1 is invalid
[7.676s]    38 |   rclcpp::Subscription<tutorial_interfaces::Msg::Num[01;31m[K>[m[K::SharedPtr subscription_;
[7.676s]       |                                                     [01;31m[K^[m[K
[7.677s] [01m[K/home/nazar/projects/lessons/ros-tutorial/dev_ws/src/cpp_pubsub/src/subscriber_member_function.cpp:38:53:[m[K [01;31m[Kerror: [m[Ktemplate argument 3 is invalid
[7.681s] [01m[K/home/nazar/projects/lessons/ros-tutorial/dev_ws/src/cpp_pubsub/src/subscriber_member_function.cpp:38:56:[m[K [01;31m[Kerror: [m[Kexpected ‚Äò[01m[K;[m[K‚Äô at end of member declaration
[7.682s]    38 | clcpp::Subscription<tutorial_interfaces::Msg::Num>::[01;31m[KSharedPtr[m[K subscription_;
[7.682s]       |                                                     [01;31m[K^~~~~~~~~[m[K
[7.682s]       |                                                              [32m[K;[m[K
[7.686s] [01m[K/home/nazar/projects/lessons/ros-tutorial/dev_ws/src/cpp_pubsub/src/subscriber_member_function.cpp:38:66:[m[K [01;31m[Kerror: [m[K‚Äò[01m[Ksubscription_[m[K‚Äô does not name a type; did you mean ‚Äò[01m[Krcl_subscription_t[m[K‚Äô?
[7.686s]    38 | :Subscription<tutorial_interfaces::Msg::Num>::SharedPtr [01;31m[Ksubscription_[m[K;
[7.687s]       |                                                         [01;31m[K^~~~~~~~~~~~~[m[K
[7.687s]       |                                                         [32m[Krcl_subscription_t[m[K
[7.690s] [01m[K/home/nazar/projects/lessons/ros-tutorial/dev_ws/src/cpp_pubsub/src/subscriber_member_function.cpp:[m[K In constructor ‚Äò[01m[KMinimalSubscriber::MinimalSubscriber()[m[K‚Äô:
[7.690s] [01m[K/home/nazar/projects/lessons/ros-tutorial/dev_ws/src/cpp_pubsub/src/subscriber_member_function.cpp:29:5:[m[K [01;31m[Kerror: [m[K‚Äò[01m[Ksubscription_[m[K‚Äô was not declared in this scope; did you mean ‚Äò[01m[Krcl_subscription_t[m[K‚Äô?
[7.691s]    29 |     [01;31m[Ksubscription_[m[K = this->create_subscription<tutorial_interfaces::msg::Num>(
[7.691s]       |     [01;31m[K^~~~~~~~~~~~~[m[K
[7.691s]       |     [32m[Krcl_subscription_t[m[K
[11.715s] make[2]: *** [CMakeFiles/listener.dir/build.make:63: CMakeFiles/listener.dir/src/subscriber_member_function.cpp.o] –ü–æ–º–∏–ª–∫–∞ 1
[11.719s] make[1]: *** [CMakeFiles/Makefile2:80: CMakeFiles/listener.dir/all] –ü–æ–º–∏–ª–∫–∞ 2
[11.719s] make[1]: *** –û—á—ñ–∫—É–≤–∞–Ω–Ω—è –∑–∞–≤–µ—Ä—à–µ–Ω–Ω—è –∑–∞–≤–¥–∞–Ω—å...
[12.421s] [ 75%] [32m[1mLinking CXX executable talker[0m
[12.784s] [ 75%] Built target talker
[12.786s] make: *** [Makefile:141: all] –ü–æ–º–∏–ª–∫–∞ 2
[12.792s] Invoked command in '/home/nazar/projects/lessons/ros-tutorial/dev_ws/build/cpp_pubsub' returned '2': AMENT_PREFIX_PATH=/home/nazar/projects/lessons/ros-tutorial/dev_ws/install/tutorial_interfaces:${AMENT_PREFIX_PATH} CMAKE_PREFIX_PATH=/home/nazar/projects/lessons/ros-tutorial/dev_ws/install/tutorial_interfaces:/opt/ros/galactic LD_LIBRARY_PATH=/home/nazar/projects/lessons/ros-tutorial/dev_ws/install/tutorial_interfaces/lib:${LD_LIBRARY_PATH} PYTHONPATH=/home/nazar/projects/lessons/ros-tutorial/dev_ws/install/tutorial_interfaces/lib/python3.8/site-packages:${PYTHONPATH} /usr/bin/cmake --build /home/nazar/projects/lessons/ros-tutorial/dev_ws/build/cpp_pubsub -- -j2 -l2
