[0.036s] Invoking command in '/home/nazar/projects/lessons/ros-tutorial/dev_ws/build/more_interfaces': CMAKE_PREFIX_PATH=/opt/ros/galactic /usr/bin/cmake --build /home/nazar/projects/lessons/ros-tutorial/dev_ws/build/more_interfaces -- -j2 -l2
[0.150s] [  3%] Built target more_interfaces__cpp
[0.158s] [ 12%] Built target more_interfaces__rosidl_generator_c
[0.194s] [ 21%] Built target more_interfaces__rosidl_typesupport_cpp
[0.205s] [ 30%] Built target more_interfaces__rosidl_typesupport_introspection_cpp
[0.270s] [ 39%] Built target more_interfaces__rosidl_typesupport_c
[0.284s] [ 48%] Built target more_interfaces__rosidl_typesupport_fastrtps_cpp
[0.313s] [ 57%] Built target more_interfaces__rosidl_typesupport_introspection_c
[0.350s] [ 66%] Built target more_interfaces__rosidl_typesupport_fastrtps_c
[0.396s] [ 66%] Built target more_interfaces
[0.445s] [ 69%] Built target more_interfaces__py
[0.463s] [ 72%] [32mBuilding CXX object CMakeFiles/publish_address_book.dir/src/publish_address_book.cpp.o[0m
[0.513s] [ 78%] Built target more_interfaces__python
[0.566s] [ 84%] Built target more_interfaces__rosidl_typesupport_c__pyext
[0.614s] [ 90%] Built target more_interfaces__rosidl_typesupport_introspection_c__pyext
[0.661s] [ 96%] Built target more_interfaces__rosidl_typesupport_fastrtps_c__pyext
[4.077s] [01m[K/home/nazar/projects/lessons/ros-tutorial/dev_ws/src/more_interfaces/src/publish_address_book.cpp:36:68:[m[K [01;31m[Kerror: [m[Ktemplate argument 1 is invalid
[4.078s]    36 |     rclcpp::Publisher<more_interfaces::msg::AddressBook::SharedPtr [01;31m[Kaddress_book_publisher_[m[K;
[4.078s]       |                                                                    [01;31m[K^~~~~~~~~~~~~~~~~~~~~~~[m[K
[4.087s] [01m[K/home/nazar/projects/lessons/ros-tutorial/dev_ws/src/more_interfaces/src/publish_address_book.cpp:[m[K In constructor â€˜[01m[KAddressBookPublisher::AddressBookPublisher()[m[Kâ€™:
[4.087s] [01m[K/home/nazar/projects/lessons/ros-tutorial/dev_ws/src/more_interfaces/src/publish_address_book.cpp:14:9:[m[K [01;31m[Kerror: [m[Kâ€˜[01m[Kaddress_book_publisher_[m[Kâ€™ was not declared in this scope; did you mean â€˜[01m[KAddressBookPublisher[m[Kâ€™?
[4.087s]    14 |         [01;31m[Kaddress_book_publisher_[m[K =
[4.087s]       |         [01;31m[K^~~~~~~~~~~~~~~~~~~~~~~[m[K
[4.087s]       |         [32m[KAddressBookPublisher[m[K
[4.101s] [01m[K/home/nazar/projects/lessons/ros-tutorial/dev_ws/src/more_interfaces/src/publish_address_book.cpp:[m[K In lambda function:
[4.102s] [01m[K/home/nazar/projects/lessons/ros-tutorial/dev_ws/src/more_interfaces/src/publish_address_book.cpp:29:19:[m[K [01;31m[Kerror: [m[Kâ€˜[01m[Kclass AddressBookPublisher[m[Kâ€™ has no member named â€˜[01m[Kaddress_book_publisher_[m[Kâ€™; did you mean â€˜[01m[KAddressBookPublisher[m[Kâ€™?
[4.102s]    29 |             this->[01;31m[Kaddress_book_publisher_[m[K->publish(message);
[4.102s]       |                   [01;31m[K^~~~~~~~~~~~~~~~~~~~~~~[m[K
[4.102s]       |                   [32m[KAddressBookPublisher[m[K
[4.103s] [01m[K/home/nazar/projects/lessons/ros-tutorial/dev_ws/src/more_interfaces/src/publish_address_book.cpp:[m[K In constructor â€˜[01m[KAddressBookPublisher::AddressBookPublisher()[m[Kâ€™:
[4.103s] [01m[K/home/nazar/projects/lessons/ros-tutorial/dev_ws/src/more_interfaces/src/publish_address_book.cpp:32:9:[m[K [01;31m[Kerror: [m[Kexpected â€˜[01m[K,[m[Kâ€™ or â€˜[01m[K;[m[Kâ€™ before â€˜[01m[Ktimer_[m[Kâ€™
[4.103s]    32 |         [01;31m[Ktimer_[m[K = this->create_wall_timer(1s,publish_msg);
[4.103s]       |         [01;31m[K^~~~~~[m[K
[5.862s] make[2]: *** [CMakeFiles/publish_address_book.dir/build.make:63: CMakeFiles/publish_address_book.dir/src/publish_address_book.cpp.o] ÐŸÐ¾Ð¼Ð¸Ð»ÐºÐ° 1
[5.867s] make[1]: *** [CMakeFiles/Makefile2:365: CMakeFiles/publish_address_book.dir/all] ÐŸÐ¾Ð¼Ð¸Ð»ÐºÐ° 2
[5.868s] make: *** [Makefile:141: all] ÐŸÐ¾Ð¼Ð¸Ð»ÐºÐ° 2
[5.869s] Invoked command in '/home/nazar/projects/lessons/ros-tutorial/dev_ws/build/more_interfaces' returned '2': CMAKE_PREFIX_PATH=/opt/ros/galactic /usr/bin/cmake --build /home/nazar/projects/lessons/ros-tutorial/dev_ws/build/more_interfaces -- -j2 -l2
