[  9%] Built target more_interfaces__rosidl_generator_c
[ 12%] Built target more_interfaces__cpp
[ 21%] Built target more_interfaces__rosidl_typesupport_c
[ 30%] Built target more_interfaces__rosidl_typesupport_introspection_c
[ 39%] Built target more_interfaces__rosidl_typesupport_cpp
[ 48%] Built target more_interfaces__rosidl_typesupport_introspection_cpp
[ 57%] Built target more_interfaces__rosidl_typesupport_fastrtps_cpp
[ 66%] Built target more_interfaces__rosidl_typesupport_fastrtps_c
[ 66%] Built target more_interfaces
[35m[1mScanning dependencies of target publish_address_book[0m
[ 69%] Built target more_interfaces__py
[ 75%] Built target more_interfaces__python
[ 81%] Built target more_interfaces__rosidl_typesupport_c__pyext
[ 87%] Built target more_interfaces__rosidl_typesupport_introspection_c__pyext
[ 90%] [32mBuilding CXX object CMakeFiles/publish_address_book.dir/src/publish_address_book.cpp.o[0m
[ 96%] Built target more_interfaces__rosidl_typesupport_fastrtps_c__pyext
[01m[K/home/nazar/projects/lessons/ros-tutorial/dev_ws/src/more_interfaces/src/publish_address_book.cpp:12:72:[m[K [01;31m[Kerror: [m[Ktemplate argument 1 is invalid
   12 |         rclcpp::Publisher<more_interfaces::msg::AddressBook::SharedPtr [01;31m[Kaddress_book_publisher_[m[K;
      |                                                                        [01;31m[K^~~~~~~~~~~~~~~~~~~~~~~[m[K
[01m[K/home/nazar/projects/lessons/ros-tutorial/dev_ws/src/more_interfaces/src/publish_address_book.cpp:[m[K In constructor â€˜[01m[KAddressBookPublisher::AddressBookPublisher()[m[Kâ€™:
[01m[K/home/nazar/projects/lessons/ros-tutorial/dev_ws/src/more_interfaces/src/publish_address_book.cpp:17:13:[m[K [01;31m[Kerror: [m[Kâ€˜[01m[Kaddress_book_publisher_[m[Kâ€™ was not declared in this scope; did you mean â€˜[01m[KAddressBookPublisher[m[Kâ€™?
   17 |             [01;31m[Kaddress_book_publisher_[m[K =
      |             [01;31m[K^~~~~~~~~~~~~~~~~~~~~~~[m[K
      |             [32m[KAddressBookPublisher[m[K
[01m[K/home/nazar/projects/lessons/ros-tutorial/dev_ws/src/more_interfaces/src/publish_address_book.cpp:[m[K In lambda function:
[01m[K/home/nazar/projects/lessons/ros-tutorial/dev_ws/src/more_interfaces/src/publish_address_book.cpp:32:23:[m[K [01;31m[Kerror: [m[Kâ€˜[01m[Kclass AddressBookPublisher[m[Kâ€™ has no member named â€˜[01m[Kaddress_book_publisher_[m[Kâ€™; did you mean â€˜[01m[KAddressBookPublisher[m[Kâ€™?
   32 |                 this->[01;31m[Kaddress_book_publisher_[m[K->publish(message);
      |                       [01;31m[K^~~~~~~~~~~~~~~~~~~~~~~[m[K
      |                       [32m[KAddressBookPublisher[m[K
[01m[K/home/nazar/projects/lessons/ros-tutorial/dev_ws/src/more_interfaces/src/publish_address_book.cpp:[m[K In constructor â€˜[01m[KAddressBookPublisher::AddressBookPublisher()[m[Kâ€™:
[01m[K/home/nazar/projects/lessons/ros-tutorial/dev_ws/src/more_interfaces/src/publish_address_book.cpp:35:13:[m[K [01;31m[Kerror: [m[Kexpected â€˜[01m[K,[m[Kâ€™ or â€˜[01m[K;[m[Kâ€™ before â€˜[01m[Ktimer_[m[Kâ€™
   35 |             [01;31m[Ktimer_[m[K = this->create_wall_timer(1s,publish_msg);
      |             [01;31m[K^~~~~~[m[K
make[2]: *** [CMakeFiles/publish_address_book.dir/build.make:63: CMakeFiles/publish_address_book.dir/src/publish_address_book.cpp.o] ÐŸÐ¾Ð¼Ð¸Ð»ÐºÐ° 1
make[1]: *** [CMakeFiles/Makefile2:365: CMakeFiles/publish_address_book.dir/all] ÐŸÐ¾Ð¼Ð¸Ð»ÐºÐ° 2
make: *** [Makefile:141: all] ÐŸÐ¾Ð¼Ð¸Ð»ÐºÐ° 2
