[0.032s] Invoking command in '/home/nazar/projects/lessons/ros-tutorial/dev_ws/build/cpp_srvcli': AMENT_PREFIX_PATH=/home/nazar/projects/lessons/ros-tutorial/dev_ws/install/tutorial_interfaces:${AMENT_PREFIX_PATH} CMAKE_PREFIX_PATH=/home/nazar/projects/lessons/ros-tutorial/dev_ws/install/tutorial_interfaces:/opt/ros/galactic LD_LIBRARY_PATH=/home/nazar/projects/lessons/ros-tutorial/dev_ws/install/tutorial_interfaces/lib:${LD_LIBRARY_PATH} PYTHONPATH=/home/nazar/projects/lessons/ros-tutorial/dev_ws/install/tutorial_interfaces/lib/python3.8/site-packages:${PYTHONPATH} /usr/bin/cmake /home/nazar/projects/lessons/ros-tutorial/dev_ws/src/cpp_srvcli -DCMAKE_INSTALL_PREFIX=/home/nazar/projects/lessons/ros-tutorial/dev_ws/install/cpp_srvcli
[0.162s] -- The C compiler identification is GNU 9.3.0
[0.271s] -- The CXX compiler identification is GNU 9.3.0
[0.281s] -- Check for working C compiler: /usr/bin/cc
[0.412s] -- Check for working C compiler: /usr/bin/cc -- works
[0.414s] -- Detecting C compiler ABI info
[0.555s] -- Detecting C compiler ABI info - done
[0.573s] -- Detecting C compile features
[0.574s] -- Detecting C compile features - done
[0.579s] -- Check for working CXX compiler: /usr/bin/c++
[0.736s] -- Check for working CXX compiler: /usr/bin/c++ -- works
[0.736s] -- Detecting CXX compiler ABI info
[0.909s] -- Detecting CXX compiler ABI info - done
[0.936s] -- Detecting CXX compile features
[0.938s] -- Detecting CXX compile features - done
[0.943s] -- Found ament_cmake: 1.1.4 (/opt/ros/galactic/share/ament_cmake/cmake)
[0.988s] -- Found PythonInterp: /usr/bin/python3 (found suitable version "3.8.5", minimum required is "3") 
[0.989s] -- Using PYTHON_EXECUTABLE: /usr/bin/python3
[1.141s] -- Found rclcpp: 9.1.0 (/opt/ros/galactic/share/rclcpp/cmake)
[1.246s] -- Using all available rosidl_typesupport_c: rosidl_typesupport_fastrtps_c;rosidl_typesupport_introspection_c
[1.259s] -- Found rosidl_adapter: 2.2.1 (/opt/ros/galactic/share/rosidl_adapter/cmake)
[1.427s] -- Found OpenSSL: /usr/lib/x86_64-linux-gnu/libcrypto.so (found version "1.1.1f")  
[1.494s] -- Found FastRTPS: /opt/ros/galactic/include  
[1.666s] -- Using all available rosidl_typesupport_cpp: rosidl_typesupport_fastrtps_cpp;rosidl_typesupport_introspection_cpp
[1.822s] -- Found rmw_implementation_cmake: 3.3.1 (/opt/ros/galactic/share/rmw_implementation_cmake/cmake)
[1.828s] -- Found rmw_cyclonedds_cpp: 0.22.2 (/opt/ros/galactic/share/rmw_cyclonedds_cpp/cmake)
[1.878s] -- Using RMW implementation 'rmw_cyclonedds_cpp' as default
[1.881s] -- Looking for pthread.h
[2.027s] -- Looking for pthread.h - found
[2.028s] -- Performing Test CMAKE_HAVE_LIBC_PTHREAD
[2.176s] -- Performing Test CMAKE_HAVE_LIBC_PTHREAD - Failed
[2.179s] -- Looking for pthread_create in pthreads
[2.332s] -- Looking for pthread_create in pthreads - not found
[2.334s] -- Looking for pthread_create in pthread
[2.514s] -- Looking for pthread_create in pthread - found
[2.517s] -- Found Threads: TRUE  
[3.098s] -- Found example_interfaces: 0.9.2 (/opt/ros/galactic/share/example_interfaces/cmake)
[3.497s] -- Found tutorial_interfaces: 0.0.0 (/home/nazar/projects/lessons/ros-tutorial/dev_ws/install/tutorial_interfaces/share/tutorial_interfaces/cmake)
[3.677s] -- Configuring done
[3.719s] -- Generating done
[3.725s] -- Build files have been written to: /home/nazar/projects/lessons/ros-tutorial/dev_ws/build/cpp_srvcli
[3.753s] Invoked command in '/home/nazar/projects/lessons/ros-tutorial/dev_ws/build/cpp_srvcli' returned '0': AMENT_PREFIX_PATH=/home/nazar/projects/lessons/ros-tutorial/dev_ws/install/tutorial_interfaces:${AMENT_PREFIX_PATH} CMAKE_PREFIX_PATH=/home/nazar/projects/lessons/ros-tutorial/dev_ws/install/tutorial_interfaces:/opt/ros/galactic LD_LIBRARY_PATH=/home/nazar/projects/lessons/ros-tutorial/dev_ws/install/tutorial_interfaces/lib:${LD_LIBRARY_PATH} PYTHONPATH=/home/nazar/projects/lessons/ros-tutorial/dev_ws/install/tutorial_interfaces/lib/python3.8/site-packages:${PYTHONPATH} /usr/bin/cmake /home/nazar/projects/lessons/ros-tutorial/dev_ws/src/cpp_srvcli -DCMAKE_INSTALL_PREFIX=/home/nazar/projects/lessons/ros-tutorial/dev_ws/install/cpp_srvcli
[3.760s] Invoking command in '/home/nazar/projects/lessons/ros-tutorial/dev_ws/build/cpp_srvcli': AMENT_PREFIX_PATH=/home/nazar/projects/lessons/ros-tutorial/dev_ws/install/tutorial_interfaces:${AMENT_PREFIX_PATH} CMAKE_PREFIX_PATH=/home/nazar/projects/lessons/ros-tutorial/dev_ws/install/tutorial_interfaces:/opt/ros/galactic LD_LIBRARY_PATH=/home/nazar/projects/lessons/ros-tutorial/dev_ws/install/tutorial_interfaces/lib:${LD_LIBRARY_PATH} PYTHONPATH=/home/nazar/projects/lessons/ros-tutorial/dev_ws/install/tutorial_interfaces/lib/python3.8/site-packages:${PYTHONPATH} /usr/bin/cmake --build /home/nazar/projects/lessons/ros-tutorial/dev_ws/build/cpp_srvcli -- -j2 -l2
[3.894s] [35m[1mScanning dependencies of target client[0m
[3.898s] [35m[1mScanning dependencies of target server[0m
[4.037s] [ 25%] [32mBuilding CXX object CMakeFiles/server.dir/src/add_three_ints_server.cpp.o[0m
[4.072s] [ 50%] [32mBuilding CXX object CMakeFiles/client.dir/src/add_three_ints_client.cpp.o[0m
[9.577s] [01m[K/home/nazar/projects/lessons/ros-tutorial/dev_ws/src/cpp_srvcli/src/add_three_ints_server.cpp:[m[K In function ‚Äò[01m[Kint main(int, char**)[m[K‚Äô:
[9.578s] [01m[K/home/nazar/projects/lessons/ros-tutorial/dev_ws/src/cpp_srvcli/src/add_three_ints_server.cpp:19:103:[m[K [01;31m[Kerror: [m[K‚Äò[01m[Ktutorial_interface[m[K‚Äô was not declared in this scope; did you mean ‚Äò[01m[Ktutorial_interfaces[m[K‚Äô?
[9.578s]    19 |     rclcpp::Service<tutorial_interfaces::srv::AddThreeInts>::SharedPtr service = node->create_service<[01;31m[Ktutorial_interface[m[K::srv::AddThreeInts>("add_three_ints", &add);
[9.578s]       |                                                                                                       [01;31m[K^~~~~~~~~~~~~~~~~~[m[K
[9.578s]       |                                                                                                       [32m[Ktutorial_interfaces[m[K
[9.578s] [01m[K/home/nazar/projects/lessons/ros-tutorial/dev_ws/src/cpp_srvcli/src/add_three_ints_server.cpp:19:88:[m[K [01;31m[Kerror: [m[Kparse error in template argument list
[9.579s]    19 |     rclcpp::Service<tutorial_interfaces::srv::AddThreeInts>::SharedPtr service = node->[01;31m[Kcreate_service<tutorial_interface::srv::AddThreeInts>[m[K("add_three_ints", &add);
[9.579s]       |                                                                                        [01;31m[K^~~~~~~~~~~~~~~~~~~~~~~~~~~~~~~~~~~~~~~~~~~~~~~~~~~~~[m[K
[9.579s] [01m[K/home/nazar/projects/lessons/ros-tutorial/dev_ws/src/cpp_srvcli/src/add_three_ints_server.cpp:19:164:[m[K [01;31m[Kerror: [m[Kno matching function for call to ‚Äò[01m[Krclcpp::Node::create_service<<expression error> >(const char [15], void (*)(std::shared_ptr<tutorial_interfaces::srv::AddThreeInts_Request_<std::allocator<void> > >, std::shared_ptr<tutorial_interfaces::srv::AddThreeInts_Response_<std::allocator<void> > >))[m[K‚Äô
[9.579s]    19 |     rclcpp::Service<tutorial_interfaces::srv::AddThreeInts>::SharedPtr service = node->create_service<tutorial_interface::srv::AddThreeInts>("add_three_ints", &add[01;31m[K)[m[K;
[9.579s]       |                                                                                                                                                                    [01;31m[K^[m[K
[9.580s] In file included from [01m[K/opt/ros/galactic/include/rclcpp/executors/single_threaded_executor.hpp:28[m[K,
[9.580s]                  from [01m[K/opt/ros/galactic/include/rclcpp/executors.hpp:22[m[K,
[9.580s]                  from [01m[K/opt/ros/galactic/include/rclcpp/rclcpp.hpp:156[m[K,
[9.580s]                  from [01m[K/home/nazar/projects/lessons/ros-tutorial/dev_ws/src/cpp_srvcli/src/add_three_ints_server.cpp:1[m[K:
[9.580s] [01m[K/opt/ros/galactic/include/rclcpp/node.hpp:266:3:[m[K [01;36m[Knote: [m[Kcandidate: ‚Äò[01m[Ktemplate<class ServiceT, class CallbackT> typename rclcpp::Service<ServiceT>::SharedPtr rclcpp::Node::create_service(const string&, CallbackT&&, const rmw_qos_profile_t&, rclcpp::CallbackGroup::SharedPtr)[m[K‚Äô
[9.580s]   266 |   [01;36m[Kcreate_service[m[K(
[9.581s]       |   [01;36m[K^~~~~~~~~~~~~~[m[K
[9.581s] [01m[K/opt/ros/galactic/include/rclcpp/node.hpp:266:3:[m[K [01;36m[Knote: [m[K  template argument deduction/substitution failed:
[9.581s] [01m[K/home/nazar/projects/lessons/ros-tutorial/dev_ws/src/cpp_srvcli/src/add_three_ints_server.cpp:19:164:[m[K [01;31m[Kerror: [m[Ktemplate argument 1 is invalid
[9.581s]    19 |     rclcpp::Service<tutorial_interfaces::srv::AddThreeInts>::SharedPtr service = node->create_service<tutorial_interface::srv::AddThreeInts>("add_three_ints", &add[01;31m[K)[m[K;
[9.581s]       |                                                                                                                                                                    [01;31m[K^[m[K
[10.876s] make[2]: *** [CMakeFiles/server.dir/build.make:63: CMakeFiles/server.dir/src/add_three_ints_server.cpp.o] –ü–æ–º–∏–ª–∫–∞ 1
[10.876s] make[1]: *** [CMakeFiles/Makefile2:107: CMakeFiles/server.dir/all] –ü–æ–º–∏–ª–∫–∞ 2
[10.877s] make[1]: *** –û—á—ñ–∫—É–≤–∞–Ω–Ω—è –∑–∞–≤–µ—Ä—à–µ–Ω–Ω—è –∑–∞–≤–¥–∞–Ω—å...
[12.397s] [ 75%] [32m[1mLinking CXX executable client[0m
[12.771s] [ 75%] Built target client
[12.773s] make: *** [Makefile:141: all] –ü–æ–º–∏–ª–∫–∞ 2
[12.780s] Invoked command in '/home/nazar/projects/lessons/ros-tutorial/dev_ws/build/cpp_srvcli' returned '2': AMENT_PREFIX_PATH=/home/nazar/projects/lessons/ros-tutorial/dev_ws/install/tutorial_interfaces:${AMENT_PREFIX_PATH} CMAKE_PREFIX_PATH=/home/nazar/projects/lessons/ros-tutorial/dev_ws/install/tutorial_interfaces:/opt/ros/galactic LD_LIBRARY_PATH=/home/nazar/projects/lessons/ros-tutorial/dev_ws/install/tutorial_interfaces/lib:${LD_LIBRARY_PATH} PYTHONPATH=/home/nazar/projects/lessons/ros-tutorial/dev_ws/install/tutorial_interfaces/lib/python3.8/site-packages:${PYTHONPATH} /usr/bin/cmake --build /home/nazar/projects/lessons/ros-tutorial/dev_ws/build/cpp_srvcli -- -j2 -l2
