[0.043s] Invoking command in '/home/nazar/projects/lessons/ros-tutorial/dev_ws/build/cpp_srvcli': AMENT_PREFIX_PATH=/home/nazar/projects/lessons/ros-tutorial/dev_ws/install/tutorial_interfaces:${AMENT_PREFIX_PATH} CMAKE_PREFIX_PATH=/home/nazar/projects/lessons/ros-tutorial/dev_ws/install/tutorial_interfaces:/opt/ros/galactic LD_LIBRARY_PATH=/home/nazar/projects/lessons/ros-tutorial/dev_ws/install/tutorial_interfaces/lib:${LD_LIBRARY_PATH} PYTHONPATH=/home/nazar/projects/lessons/ros-tutorial/dev_ws/install/tutorial_interfaces/lib/python3.8/site-packages:${PYTHONPATH} /usr/bin/cmake --build /home/nazar/projects/lessons/ros-tutorial/dev_ws/build/cpp_srvcli -- -j2 -l2
[0.159s] [ 75%] [32mBuilding CXX object CMakeFiles/server.dir/src/add_three_ints_server.cpp.o[0m
[0.163s] [ 75%] Built target client
[3.890s] [01m[K/home/nazar/projects/lessons/ros-tutorial/dev_ws/src/cpp_srvcli/src/add_three_ints_server.cpp:[m[K In function â€˜[01m[Kint main(int, char**)[m[Kâ€™:
[3.890s] [01m[K/home/nazar/projects/lessons/ros-tutorial/dev_ws/src/cpp_srvcli/src/add_three_ints_server.cpp:19:103:[m[K [01;31m[Kerror: [m[Kâ€˜[01m[Ktutorial_interface[m[Kâ€™ was not declared in this scope; did you mean â€˜[01m[Ktutorial_interfaces[m[Kâ€™?
[3.891s]    19 |     rclcpp::Service<tutorial_interfaces::srv::AddThreeInts>::SharedPtr service = node->create_service<[01;31m[Ktutorial_interface[m[K::srv::AddThreeInts>("add_three_ints", &add);
[3.891s]       |                                                                                                       [01;31m[K^~~~~~~~~~~~~~~~~~[m[K
[3.891s]       |                                                                                                       [32m[Ktutorial_interfaces[m[K
[3.892s] [01m[K/home/nazar/projects/lessons/ros-tutorial/dev_ws/src/cpp_srvcli/src/add_three_ints_server.cpp:19:88:[m[K [01;31m[Kerror: [m[Kparse error in template argument list
[3.892s]    19 |     rclcpp::Service<tutorial_interfaces::srv::AddThreeInts>::SharedPtr service = node->[01;31m[Kcreate_service<tutorial_interface::srv::AddThreeInts>[m[K("add_three_ints", &add);
[3.892s]       |                                                                                        [01;31m[K^~~~~~~~~~~~~~~~~~~~~~~~~~~~~~~~~~~~~~~~~~~~~~~~~~~~~[m[K
[3.892s] [01m[K/home/nazar/projects/lessons/ros-tutorial/dev_ws/src/cpp_srvcli/src/add_three_ints_server.cpp:19:164:[m[K [01;31m[Kerror: [m[Kno matching function for call to â€˜[01m[Krclcpp::Node::create_service<<expression error> >(const char [15], void (*)(std::shared_ptr<tutorial_interfaces::srv::AddThreeInts_Request_<std::allocator<void> > >, std::shared_ptr<tutorial_interfaces::srv::AddThreeInts_Response_<std::allocator<void> > >))[m[Kâ€™
[3.892s]    19 |     rclcpp::Service<tutorial_interfaces::srv::AddThreeInts>::SharedPtr service = node->create_service<tutorial_interface::srv::AddThreeInts>("add_three_ints", &add[01;31m[K)[m[K;
[3.892s]       |                                                                                                                                                                    [01;31m[K^[m[K
[3.893s] In file included from [01m[K/opt/ros/galactic/include/rclcpp/executors/single_threaded_executor.hpp:28[m[K,
[3.893s]                  from [01m[K/opt/ros/galactic/include/rclcpp/executors.hpp:22[m[K,
[3.893s]                  from [01m[K/opt/ros/galactic/include/rclcpp/rclcpp.hpp:156[m[K,
[3.893s]                  from [01m[K/home/nazar/projects/lessons/ros-tutorial/dev_ws/src/cpp_srvcli/src/add_three_ints_server.cpp:1[m[K:
[3.893s] [01m[K/opt/ros/galactic/include/rclcpp/node.hpp:266:3:[m[K [01;36m[Knote: [m[Kcandidate: â€˜[01m[Ktemplate<class ServiceT, class CallbackT> typename rclcpp::Service<ServiceT>::SharedPtr rclcpp::Node::create_service(const string&, CallbackT&&, const rmw_qos_profile_t&, rclcpp::CallbackGroup::SharedPtr)[m[Kâ€™
[3.893s]   266 |   [01;36m[Kcreate_service[m[K(
[3.894s]       |   [01;36m[K^~~~~~~~~~~~~~[m[K
[3.894s] [01m[K/opt/ros/galactic/include/rclcpp/node.hpp:266:3:[m[K [01;36m[Knote: [m[K  template argument deduction/substitution failed:
[3.894s] [01m[K/home/nazar/projects/lessons/ros-tutorial/dev_ws/src/cpp_srvcli/src/add_three_ints_server.cpp:19:164:[m[K [01;31m[Kerror: [m[Ktemplate argument 1 is invalid
[3.894s]    19 |     rclcpp::Service<tutorial_interfaces::srv::AddThreeInts>::SharedPtr service = node->create_service<tutorial_interface::srv::AddThreeInts>("add_three_ints", &add[01;31m[K)[m[K;
[3.894s]       |                                                                                                                                                                    [01;31m[K^[m[K
[5.080s] make[2]: *** [CMakeFiles/server.dir/build.make:63: CMakeFiles/server.dir/src/add_three_ints_server.cpp.o] ÐŸÐ¾Ð¼Ð¸Ð»ÐºÐ° 1
[5.080s] make[1]: *** [CMakeFiles/Makefile2:107: CMakeFiles/server.dir/all] ÐŸÐ¾Ð¼Ð¸Ð»ÐºÐ° 2
[5.081s] make: *** [Makefile:141: all] ÐŸÐ¾Ð¼Ð¸Ð»ÐºÐ° 2
[5.087s] Invoked command in '/home/nazar/projects/lessons/ros-tutorial/dev_ws/build/cpp_srvcli' returned '2': AMENT_PREFIX_PATH=/home/nazar/projects/lessons/ros-tutorial/dev_ws/install/tutorial_interfaces:${AMENT_PREFIX_PATH} CMAKE_PREFIX_PATH=/home/nazar/projects/lessons/ros-tutorial/dev_ws/install/tutorial_interfaces:/opt/ros/galactic LD_LIBRARY_PATH=/home/nazar/projects/lessons/ros-tutorial/dev_ws/install/tutorial_interfaces/lib:${LD_LIBRARY_PATH} PYTHONPATH=/home/nazar/projects/lessons/ros-tutorial/dev_ws/install/tutorial_interfaces/lib/python3.8/site-packages:${PYTHONPATH} /usr/bin/cmake --build /home/nazar/projects/lessons/ros-tutorial/dev_ws/build/cpp_srvcli -- -j2 -l2
