[0.244s] Invoking command in '/home/nazar/projects/lessons/ros-tutorial/dev_ws/build/cpp_srvcli': AMENT_PREFIX_PATH=/home/nazar/projects/lessons/ros-tutorial/dev_ws/install/tutorial_interfaces:${AMENT_PREFIX_PATH} CMAKE_PREFIX_PATH=/home/nazar/projects/lessons/ros-tutorial/dev_ws/install/tutorial_interfaces:/opt/ros/galactic LD_LIBRARY_PATH=/home/nazar/projects/lessons/ros-tutorial/dev_ws/install/tutorial_interfaces/lib:${LD_LIBRARY_PATH} PYTHONPATH=/home/nazar/projects/lessons/ros-tutorial/dev_ws/install/tutorial_interfaces/lib/python3.8/site-packages:${PYTHONPATH} /usr/bin/cmake --build /home/nazar/projects/lessons/ros-tutorial/dev_ws/build/cpp_srvcli -- -j2 -l2
[0.900s] -- Found ament_cmake: 1.1.4 (/opt/ros/galactic/share/ament_cmake/cmake)
[1.041s] -- Using PYTHON_EXECUTABLE: /usr/bin/python3
[1.442s] -- Found rclcpp: 9.1.0 (/opt/ros/galactic/share/rclcpp/cmake)
[1.789s] -- Using all available rosidl_typesupport_c: rosidl_typesupport_fastrtps_c;rosidl_typesupport_introspection_c
[1.829s] -- Found rosidl_adapter: 2.2.1 (/opt/ros/galactic/share/rosidl_adapter/cmake)
[2.402s] -- Using all available rosidl_typesupport_cpp: rosidl_typesupport_fastrtps_cpp;rosidl_typesupport_introspection_cpp
[2.713s] -- Found rmw_implementation_cmake: 3.3.1 (/opt/ros/galactic/share/rmw_implementation_cmake/cmake)
[2.749s] -- Found rmw_cyclonedds_cpp: 0.22.2 (/opt/ros/galactic/share/rmw_cyclonedds_cpp/cmake)
[2.834s] -- Using RMW implementation 'rmw_cyclonedds_cpp' as default
[3.318s] -- Found tutorial_interfaces: 0.0.0 (/home/nazar/projects/lessons/ros-tutorial/dev_ws/install/tutorial_interfaces/share/tutorial_interfaces/cmake)
[3.576s] -- Configuring done
[3.747s] -- Generating done
[3.753s] -- Build files have been written to: /home/nazar/projects/lessons/ros-tutorial/dev_ws/build/cpp_srvcli
[3.857s] [35m[1mScanning dependencies of target client[0m
[3.864s] [35m[1mScanning dependencies of target server[0m
[4.095s] [ 25%] [32mBuilding CXX object CMakeFiles/client.dir/src/add_three_ints_client.cpp.o[0m
[4.096s] [ 50%] [32mBuilding CXX object CMakeFiles/server.dir/src/add_three_ints_server.cpp.o[0m
[8.577s] [01m[K/home/nazar/projects/lessons/ros-tutorial/dev_ws/src/cpp_srvcli/src/add_three_ints_client.cpp:[m[K In function ‚Äò[01m[Kint main(int, char**)[m[K‚Äô:
[8.577s] [01m[K/home/nazar/projects/lessons/ros-tutorial/dev_ws/src/cpp_srvcli/src/add_three_ints_client.cpp:23:37:[m[K [01;31m[Kerror: [m[K‚Äò[01m[Kexample_interfaces[m[K‚Äô was not declared in this scope; did you mean ‚Äò[01m[Krcl_interfaces[m[K‚Äô?
[8.577s]    23 |    auto request = std::make_shared<[01;31m[Kexample_interfaces[m[K::srv::AddThreeInts::Request>();
[8.578s]       |                                    [01;31m[K^~~~~~~~~~~~~~~~~~[m[K
[8.578s]       |                                    [32m[Krcl_interfaces[m[K
[8.578s] [01m[K/home/nazar/projects/lessons/ros-tutorial/dev_ws/src/cpp_srvcli/src/add_three_ints_client.cpp:23:25:[m[K [01;31m[Kerror: [m[Kparse error in template argument list
[8.578s]    23 |     auto request = std::[01;31m[Kmake_shared<example_interfaces::srv::AddThreeInts::Request>[m[K();
[8.578s]       |                         [01;31m[K^~~~~~~~~~~~~~~~~~~~~~~~~~~~~~~~~~~~~~~~~~~~~~~~~~~~~~~~~~~[m[K
[8.578s] [01m[K/home/nazar/projects/lessons/ros-tutorial/dev_ws/src/cpp_srvcli/src/add_three_ints_client.cpp:23:85:[m[K [01;31m[Kerror: [m[Kno matching function for call to ‚Äò[01m[Kmake_shared<<expression error> >()[m[K‚Äô
[8.579s]    23 | faces::srv::AddThreeInts::Request>([01;31m[K)[m[K;
[8.579s]       |                                    [01;31m[K^[m[K
[8.579s] 
[8.582s] In file included from [01m[K/usr/include/c++/9/memory:81[m[K,
[8.583s]                  from [01m[K/opt/ros/galactic/include/rclcpp/rclcpp.hpp:154[m[K,
[8.583s]                  from [01m[K/home/nazar/projects/lessons/ros-tutorial/dev_ws/src/cpp_srvcli/src/add_three_ints_client.cpp:1[m[K:
[8.583s] [01m[K/usr/include/c++/9/bits/shared_ptr.h:714:5:[m[K [01;36m[Knote: [m[Kcandidate: ‚Äò[01m[Ktemplate<class _Tp, class ... _Args> std::shared_ptr<_Tp> std::make_shared(_Args&& ...)[m[K‚Äô
[8.583s]   714 |     [01;36m[Kmake_shared[m[K(_Args&&... __args)
[8.583s]       |     [01;36m[K^~~~~~~~~~~[m[K
[8.584s] [01m[K/usr/include/c++/9/bits/shared_ptr.h:714:5:[m[K [01;36m[Knote: [m[K  template argument deduction/substitution failed:
[8.584s] [01m[K/home/nazar/projects/lessons/ros-tutorial/dev_ws/src/cpp_srvcli/src/add_three_ints_client.cpp:23:85:[m[K [01;31m[Kerror: [m[Ktemplate argument 1 is invalid
[8.584s]    23 | faces::srv::AddThreeInts::Request>([01;31m[K)[m[K;
[8.584s]       |                                    [01;31m[K^[m[K
[8.584s] 
[8.822s] [01m[K/home/nazar/projects/lessons/ros-tutorial/dev_ws/src/cpp_srvcli/src/add_three_ints_server.cpp:[m[K In function ‚Äò[01m[Kint main(int, char**)[m[K‚Äô:
[8.823s] [01m[K/home/nazar/projects/lessons/ros-tutorial/dev_ws/src/cpp_srvcli/src/add_three_ints_server.cpp:19:103:[m[K [01;31m[Kerror: [m[K‚Äò[01m[Ktutorial_interface[m[K‚Äô was not declared in this scope; did you mean ‚Äò[01m[Ktutorial_interfaces[m[K‚Äô?
[8.823s]    19 |     rclcpp::Service<tutorial_interfaces::srv::AddThreeInts>::SharedPtr service = node->create_service<[01;31m[Ktutorial_interface[m[K::srv::AddThreeInts>("add_three_ints", &add);
[8.824s]       |                                                                                                       [01;31m[K^~~~~~~~~~~~~~~~~~[m[K
[8.824s]       |                                                                                                       [32m[Ktutorial_interfaces[m[K
[8.824s] [01m[K/home/nazar/projects/lessons/ros-tutorial/dev_ws/src/cpp_srvcli/src/add_three_ints_server.cpp:19:88:[m[K [01;31m[Kerror: [m[Kparse error in template argument list
[8.824s]    19 |     rclcpp::Service<tutorial_interfaces::srv::AddThreeInts>::SharedPtr service = node->[01;31m[Kcreate_service<tutorial_interface::srv::AddThreeInts>[m[K("add_three_ints", &add);
[8.824s]       |                                                                                        [01;31m[K^~~~~~~~~~~~~~~~~~~~~~~~~~~~~~~~~~~~~~~~~~~~~~~~~~~~~[m[K
[8.827s] [01m[K/home/nazar/projects/lessons/ros-tutorial/dev_ws/src/cpp_srvcli/src/add_three_ints_server.cpp:19:164:[m[K [01;31m[Kerror: [m[Kno matching function for call to ‚Äò[01m[Krclcpp::Node::create_service<<expression error> >(const char [15], void (*)(std::shared_ptr<tutorial_interfaces::srv::AddThreeInts_Request_<std::allocator<void> > >, std::shared_ptr<tutorial_interfaces::srv::AddThreeInts_Response_<std::allocator<void> > >))[m[K‚Äô
[8.828s]    19 |     rclcpp::Service<tutorial_interfaces::srv::AddThreeInts>::SharedPtr service = node->create_service<tutorial_interface::srv::AddThreeInts>("add_three_ints", &add[01;31m[K)[m[K;
[8.828s]       |                                                                                                                                                                    [01;31m[K^[m[K
[8.828s] In file included from [01m[K/opt/ros/galactic/include/rclcpp/executors/single_threaded_executor.hpp:28[m[K,
[8.828s]                  from [01m[K/opt/ros/galactic/include/rclcpp/executors.hpp:22[m[K,
[8.828s]                  from [01m[K/opt/ros/galactic/include/rclcpp/rclcpp.hpp:156[m[K,
[8.828s]                  from [01m[K/home/nazar/projects/lessons/ros-tutorial/dev_ws/src/cpp_srvcli/src/add_three_ints_server.cpp:1[m[K:
[8.829s] [01m[K/opt/ros/galactic/include/rclcpp/node.hpp:266:3:[m[K [01;36m[Knote: [m[Kcandidate: ‚Äò[01m[Ktemplate<class ServiceT, class CallbackT> typename rclcpp::Service<ServiceT>::SharedPtr rclcpp::Node::create_service(const string&, CallbackT&&, const rmw_qos_profile_t&, rclcpp::CallbackGroup::SharedPtr)[m[K‚Äô
[8.829s]   266 |   [01;36m[Kcreate_service[m[K(
[8.829s]       |   [01;36m[K^~~~~~~~~~~~~~[m[K
[8.829s] [01m[K/opt/ros/galactic/include/rclcpp/node.hpp:266:3:[m[K [01;36m[Knote: [m[K  template argument deduction/substitution failed:
[8.829s] [01m[K/home/nazar/projects/lessons/ros-tutorial/dev_ws/src/cpp_srvcli/src/add_three_ints_server.cpp:19:164:[m[K [01;31m[Kerror: [m[Ktemplate argument 1 is invalid
[8.829s]    19 |     rclcpp::Service<tutorial_interfaces::srv::AddThreeInts>::SharedPtr service = node->create_service<tutorial_interface::srv::AddThreeInts>("add_three_ints", &add[01;31m[K)[m[K;
[8.830s]       |                                                                                                                                                                    [01;31m[K^[m[K
[10.159s] make[2]: *** [CMakeFiles/client.dir/build.make:63: CMakeFiles/client.dir/src/add_three_ints_client.cpp.o] –ü–æ–º–∏–ª–∫–∞ 1
[10.162s] make[1]: *** [CMakeFiles/Makefile2:80: CMakeFiles/client.dir/all] –ü–æ–º–∏–ª–∫–∞ 2
[10.162s] make[1]: *** –û—á—ñ–∫—É–≤–∞–Ω–Ω—è –∑–∞–≤–µ—Ä—à–µ–Ω–Ω—è –∑–∞–≤–¥–∞–Ω—å...
[10.192s] make[2]: *** [CMakeFiles/server.dir/build.make:63: CMakeFiles/server.dir/src/add_three_ints_server.cpp.o] –ü–æ–º–∏–ª–∫–∞ 1
[10.193s] make[1]: *** [CMakeFiles/Makefile2:107: CMakeFiles/server.dir/all] –ü–æ–º–∏–ª–∫–∞ 2
[10.195s] make: *** [Makefile:141: all] –ü–æ–º–∏–ª–∫–∞ 2
[10.199s] Invoked command in '/home/nazar/projects/lessons/ros-tutorial/dev_ws/build/cpp_srvcli' returned '2': AMENT_PREFIX_PATH=/home/nazar/projects/lessons/ros-tutorial/dev_ws/install/tutorial_interfaces:${AMENT_PREFIX_PATH} CMAKE_PREFIX_PATH=/home/nazar/projects/lessons/ros-tutorial/dev_ws/install/tutorial_interfaces:/opt/ros/galactic LD_LIBRARY_PATH=/home/nazar/projects/lessons/ros-tutorial/dev_ws/install/tutorial_interfaces/lib:${LD_LIBRARY_PATH} PYTHONPATH=/home/nazar/projects/lessons/ros-tutorial/dev_ws/install/tutorial_interfaces/lib/python3.8/site-packages:${PYTHONPATH} /usr/bin/cmake --build /home/nazar/projects/lessons/ros-tutorial/dev_ws/build/cpp_srvcli -- -j2 -l2
